<?xml version="1.0" encoding="UTF-8"?>
<testng-results ignored="0" total="4" passed="3" failed="1" skipped="0">
  <reporter-output>
  </reporter-output>
  <suite started-at="2023-10-05T22:59:12 IST" name="OrangeHRM Application-Module1" finished-at="2023-10-05T23:00:02 IST" duration-ms="50480">
    <groups>
    </groups>
    <test started-at="2023-10-05T22:59:12 IST" name="Regression" finished-at="2023-10-05T23:00:02 IST" duration-ms="50480">
      <class name="testScripts.homePageTest">
        <test-method is-config="true" signature="setup()[pri:0, instance:testScripts.homePageTest@57bc27f5]" started-at="2023-10-05T22:59:31 IST" name="setup" finished-at="2023-10-05T22:59:32 IST" duration-ms="1090" status="PASS">
          <reporter-output>
          </reporter-output>
        </test-method> <!-- setup -->
        <test-method is-config="true" signature="beforeClass()[pri:0, instance:testScripts.homePageTest@57bc27f5]" started-at="2023-10-05T22:59:32 IST" name="beforeClass" finished-at="2023-10-05T22:59:45 IST" duration-ms="12502" status="PASS">
          <reporter-output>
          </reporter-output>
        </test-method> <!-- beforeClass -->
        <test-method signature="test_dashboardText()[pri:0, instance:testScripts.homePageTest@57bc27f5]" started-at="2023-10-05T22:59:45 IST" name="test_dashboardText" finished-at="2023-10-05T22:59:46 IST" duration-ms="1267" status="PASS">
          <reporter-output>
          </reporter-output>
        </test-method> <!-- test_dashboardText -->
        <test-method signature="test_homePageLogo()[pri:0, instance:testScripts.homePageTest@57bc27f5]" started-at="2023-10-05T22:59:46 IST" name="test_homePageLogo" finished-at="2023-10-05T22:59:46 IST" duration-ms="33" status="PASS">
          <reporter-output>
          </reporter-output>
        </test-method> <!-- test_homePageLogo -->
        <test-method is-config="true" signature="tearDown()[pri:0, instance:testScripts.homePageTest@57bc27f5]" started-at="2023-10-05T22:59:46 IST" name="tearDown" finished-at="2023-10-05T22:59:46 IST" duration-ms="256" status="PASS">
          <reporter-output>
          </reporter-output>
        </test-method> <!-- tearDown -->
      </class> <!-- testScripts.homePageTest -->
      <class name="testScripts.adminTest">
        <test-method is-config="true" signature="setup()[pri:0, instance:testScripts.adminTest@5fb759d6]" started-at="2023-10-05T22:59:46 IST" name="setup" finished-at="2023-10-05T22:59:47 IST" duration-ms="1096" status="PASS">
          <reporter-output>
          </reporter-output>
        </test-method> <!-- setup -->
        <test-method is-config="true" signature="beforeClass()[pri:0, instance:testScripts.adminTest@5fb759d6]" started-at="2023-10-05T22:59:47 IST" name="beforeClass" finished-at="2023-10-05T22:59:59 IST" duration-ms="11596" status="PASS">
          <reporter-output>
          </reporter-output>
        </test-method> <!-- beforeClass -->
        <test-method signature="test_admin()[pri:0, instance:testScripts.adminTest@5fb759d6]" started-at="2023-10-05T22:59:59 IST" name="test_admin" finished-at="2023-10-05T23:00:02 IST" duration-ms="3006" status="FAIL">
          <exception class="java.lang.AssertionError">
            <message>
              <![CDATA[expected [Admin1] but found [Admin]]]>
            </message>
            <full-stacktrace>
              <![CDATA[java.lang.AssertionError: expected [Admin1] but found [Admin]
at org.testng.Assert.fail(Assert.java:110)
at org.testng.Assert.failNotEquals(Assert.java:1577)
at org.testng.Assert.assertEqualsImpl(Assert.java:149)
at org.testng.Assert.assertEquals(Assert.java:131)
at org.testng.Assert.assertEquals(Assert.java:655)
at org.testng.Assert.assertEquals(Assert.java:665)
at testScripts.adminTest.test_admin(adminTest.java:41)
at java.base/jdk.internal.reflect.NativeMethodAccessorImpl.invoke0(Native Method)
at java.base/jdk.internal.reflect.NativeMethodAccessorImpl.invoke(NativeMethodAccessorImpl.java:62)
at java.base/jdk.internal.reflect.DelegatingMethodAccessorImpl.invoke(DelegatingMethodAccessorImpl.java:43)
at java.base/java.lang.reflect.Method.invoke(Method.java:566)
at org.testng.internal.invokers.MethodInvocationHelper.invokeMethod(MethodInvocationHelper.java:139)
at org.testng.internal.invokers.TestInvoker.invokeMethod(TestInvoker.java:677)
at org.testng.internal.invokers.TestInvoker.invokeTestMethod(TestInvoker.java:221)
at org.testng.internal.invokers.MethodRunner.runInSequence(MethodRunner.java:50)
at org.testng.internal.invokers.TestInvoker$MethodInvocationAgent.invoke(TestInvoker.java:969)
at org.testng.internal.invokers.TestInvoker.invokeTestMethods(TestInvoker.java:194)
at org.testng.internal.invokers.TestMethodWorker.invokeTestMethods(TestMethodWorker.java:148)
at org.testng.internal.invokers.TestMethodWorker.run(TestMethodWorker.java:128)
at java.base/java.util.ArrayList.forEach(ArrayList.java:1541)
at org.testng.TestRunner.privateRun(TestRunner.java:829)
at org.testng.TestRunner.run(TestRunner.java:602)
at org.testng.SuiteRunner.runTest(SuiteRunner.java:437)
at org.testng.SuiteRunner.runSequentially(SuiteRunner.java:431)
at org.testng.SuiteRunner.privateRun(SuiteRunner.java:391)
at org.testng.SuiteRunner.run(SuiteRunner.java:330)
at org.testng.SuiteRunnerWorker.runSuite(SuiteRunnerWorker.java:52)
at org.testng.SuiteRunnerWorker.run(SuiteRunnerWorker.java:95)
at org.testng.TestNG.runSuitesSequentially(TestNG.java:1256)
at org.testng.TestNG.runSuitesLocally(TestNG.java:1176)
at org.testng.TestNG.runSuites(TestNG.java:1099)
at org.testng.TestNG.run(TestNG.java:1067)
at org.testng.remote.AbstractRemoteTestNG.run(AbstractRemoteTestNG.java:115)
at org.testng.remote.RemoteTestNG.initAndRun(RemoteTestNG.java:251)
at org.testng.remote.RemoteTestNG.main(RemoteTestNG.java:77)
]]>
            </full-stacktrace>
          </exception> <!-- java.lang.AssertionError -->
          <reporter-output>
          </reporter-output>
        </test-method> <!-- test_admin -->
        <test-method is-config="true" signature="tearDown()[pri:0, instance:testScripts.adminTest@5fb759d6]" started-at="2023-10-05T23:00:02 IST" name="tearDown" finished-at="2023-10-05T23:00:02 IST" duration-ms="233" status="PASS">
          <reporter-output>
          </reporter-output>
        </test-method> <!-- tearDown -->
      </class> <!-- testScripts.adminTest -->
      <class name="testScripts.loginTest">
        <test-method is-config="true" signature="setup()[pri:0, instance:testScripts.loginTest@194fad1]" started-at="2023-10-05T22:59:12 IST" name="setup" finished-at="2023-10-05T22:59:15 IST" duration-ms="2894" status="PASS">
          <reporter-output>
          </reporter-output>
        </test-method> <!-- setup -->
        <test-method is-config="true" signature="beforeClass()[pri:0, instance:testScripts.loginTest@194fad1]" started-at="2023-10-05T22:59:15 IST" name="beforeClass" finished-at="2023-10-05T22:59:30 IST" duration-ms="15380" status="PASS">
          <reporter-output>
          </reporter-output>
        </test-method> <!-- beforeClass -->
        <test-method signature="test_login()[pri:0, instance:testScripts.loginTest@194fad1]" started-at="2023-10-05T22:59:30 IST" name="test_login" finished-at="2023-10-05T22:59:31 IST" duration-ms="374" status="PASS">
          <reporter-output>
          </reporter-output>
        </test-method> <!-- test_login -->
        <test-method is-config="true" signature="tearDown()[pri:0, instance:testScripts.loginTest@194fad1]" started-at="2023-10-05T22:59:31 IST" name="tearDown" finished-at="2023-10-05T22:59:31 IST" duration-ms="308" status="PASS">
          <reporter-output>
          </reporter-output>
        </test-method> <!-- tearDown -->
      </class> <!-- testScripts.loginTest -->
    </test> <!-- Regression -->
  </suite> <!-- OrangeHRM Application-Module1 -->
</testng-results>
